

times in msec
 clock   self+sourced   self:  sourced script
 clock   elapsed:              other lines

000.017  000.017: --- NVIM STARTING ---
000.062  000.045: event init
000.162  000.100: early init
017.553  017.392: locale set
017.635  000.081: init first window
018.142  000.508: inits 1
018.243  000.101: window checked
018.523  000.280: parsing arguments
019.768  000.306  000.306: require('vim.shared')
020.448  000.265  000.265: require('vim._meta')
020.455  000.678  000.413: require('vim._editor')
020.460  001.108  000.124: require('vim._init_packages')
020.471  000.840: init lua interpreter
020.792  000.322: expanding arguments
020.836  000.043: inits 2
021.511  000.675: init highlight
021.516  000.005: waiting for UI
021.729  000.213: done waiting for UI
021.742  000.013: clear screen
022.982  001.240: init default mappings & autocommands
026.607  000.163  000.163: sourcing C:\Users\NK\scoop\apps\neovim\current\share\nvim\runtime\ftplugin.vim
027.180  000.081  000.081: sourcing C:\Users\NK\scoop\apps\neovim\current\share\nvim\runtime\indent.vim
028.726  000.340  000.340: require('vim.loader')
029.037  000.053  000.053: require('vim.keymap')
032.102  000.251  000.251: require('vim.fs')
032.613  002.759  002.508: require('lazy')
032.687  000.027  000.027: require('ffi')
032.869  000.166  000.166: require('lazy.stats')
033.281  000.238  000.238: require('lazy.core.util')
033.540  000.251  000.251: require('lazy.core.config')
034.166  000.365  000.365: require('lazy.core.handler')
034.374  000.201  000.201: require('lazy.core.plugin')
034.386  000.839  000.273: require('lazy.core.loader')
036.543  000.268  000.268: require('lazy.core.handler.event')
036.722  000.166  000.166: require('lazy.core.handler.ft')
036.944  000.213  000.213: require('lazy.core.handler.cmd')
037.137  000.184  000.184: require('lazy.core.handler.keys')
040.523  002.745  002.745: sourcing C:\Users\NK\scoop\apps\neovim\current\share\nvim\runtime/filetype.lua
041.605  000.300  000.300: sourcing C:\Users\NK\scoop\apps\neovim\current\share\nvim\runtime/plugin/editorconfig.lua
042.049  000.052  000.052: sourcing C:\Users\NK\scoop\apps\neovim\current\share\nvim\runtime/plugin/gzip.vim
042.509  000.059  000.059: sourcing C:\Users\NK\scoop\apps\neovim\current\share\nvim\runtime/plugin/health.vim
043.146  000.265  000.265: sourcing C:\Users\NK\scoop\apps\neovim\current\share\nvim\runtime/plugin/man.lua
046.277  000.476  000.476: sourcing C:\Users\NK\scoop\apps\neovim\current\share\nvim\runtime\pack\dist\opt\matchit\plugin\matchit.vim
046.934  003.419  002.943: sourcing C:\Users\NK\scoop\apps\neovim\current\share\nvim\runtime/plugin/matchit.vim
047.562  000.258  000.258: sourcing C:\Users\NK\scoop\apps\neovim\current\share\nvim\runtime/plugin/matchparen.vim
047.983  000.032  000.032: sourcing C:\Users\NK\scoop\apps\neovim\current\share\nvim\runtime/plugin/netrwPlugin.vim
048.602  000.249  000.249: sourcing C:\Users\NK\scoop\apps\neovim\current\share\nvim\runtime/plugin/nvim.lua
049.631  000.657  000.657: sourcing C:\Users\NK\scoop\apps\neovim\current\share\nvim\runtime/plugin/rplugin.vim
050.133  000.127  000.127: sourcing C:\Users\NK\scoop\apps\neovim\current\share\nvim\runtime/plugin/shada.vim
050.543  000.024  000.024: sourcing C:\Users\NK\scoop\apps\neovim\current\share\nvim\runtime/plugin/spellfile.vim
050.935  000.029  000.029: sourcing C:\Users\NK\scoop\apps\neovim\current\share\nvim\runtime/plugin/tarPlugin.vim
051.325  000.024  000.024: sourcing C:\Users\NK\scoop\apps\neovim\current\share\nvim\runtime/plugin/tohtml.vim
051.743  000.052  000.052: sourcing C:\Users\NK\scoop\apps\neovim\current\share\nvim\runtime/plugin/tutor.vim
052.140  000.031  000.031: sourcing C:\Users\NK\scoop\apps\neovim\current\share\nvim\runtime/plugin/zipPlugin.vim
053.431  025.640  011.812: sourcing C:\Users\NK\AppData\Local\nvim\init.lua
053.491  004.624: sourcing vimrc file(s)
055.896  000.707  000.707: sourcing C:\Users\NK\scoop\apps\neovim\current\share\nvim\runtime\filetype.lua
058.007  000.227  000.227: sourcing C:\Users\NK\scoop\apps\neovim\current\share\nvim\runtime\syntax\synload.vim
058.473  001.288  001.061: sourcing C:\Users\NK\scoop\apps\neovim\current\share\nvim\runtime\syntax\syntax.vim
058.542  003.056: inits 3
063.013  004.471: reading ShaDa
063.508  000.495: opening buffers
063.516  000.007: BufEnter autocommands
063.520  000.004: editing files in windows
063.528  000.007: VimEnter autocommands
063.572  000.044: UIEnter autocommands
065.264  001.692: before starting main loop
065.584  000.321: first screen update
065.590  000.006: --- NVIM STARTED ---


times in msec
 clock   self+sourced   self:  sourced script
 clock   elapsed:              other lines

000.016  000.016: --- NVIM STARTING ---
000.087  000.071: event init
000.229  000.142: early init
020.107  019.878: locale set
020.309  000.202: init first window
021.224  000.914: inits 1
021.662  000.438: window checked
022.620  000.959: parsing arguments
023.980  000.327  000.327: require('vim.shared')
024.747  000.276  000.276: require('vim._meta')
024.756  000.762  000.486: require('vim._editor')
024.761  001.225  000.136: require('vim._init_packages')
024.776  000.931: init lua interpreter
031.061  006.285: expanding arguments
031.119  000.059: inits 2
031.802  000.683: init highlight


times in msec
 clock   self+sourced   self:  sourced script
 clock   elapsed:              other lines

000.019  000.019: --- NVIM STARTING ---
000.072  000.053: event init
000.172  000.100: early init
018.415  018.243: locale set
018.536  000.121: init first window
019.200  000.664: inits 1
019.279  000.079: window checked
019.524  000.245: parsing arguments
021.919  001.492  001.492: require('vim.shared')
022.916  000.442  000.442: require('vim._meta')
022.939  000.961  000.520: require('vim._editor')
022.947  002.629  000.176: require('vim._init_packages')
022.982  000.828: init lua interpreter
023.551  000.569: expanding arguments
023.619  000.069: inits 2
024.357  000.737: init highlight
024.362  000.005: waiting for UI
024.690  000.329: done waiting for UI
024.712  000.021: clear screen
025.050  000.338: init default mappings & autocommands
027.515  000.125  000.125: sourcing C:\Users\NK\scoop\apps\neovim\current\share\nvim\runtime\ftplugin.vim
028.105  000.100  000.100: sourcing C:\Users\NK\scoop\apps\neovim\current\share\nvim\runtime\indent.vim
029.459  000.293  000.293: require('vim.loader')
029.706  000.049  000.049: require('vim.keymap')
032.511  000.233  000.233: require('vim.fs')
033.001  002.507  002.274: require('lazy')
033.074  000.027  000.027: require('ffi')
033.265  000.174  000.174: require('lazy.stats')
033.809  000.369  000.369: require('lazy.core.util')
034.081  000.263  000.263: require('lazy.core.config')
034.672  000.315  000.315: require('lazy.core.handler')
034.847  000.168  000.168: require('lazy.core.plugin')
034.858  000.769  000.286: require('lazy.core.loader')
036.411  000.220  000.220: require('lazy.core.handler.event')
036.595  000.174  000.174: require('lazy.core.handler.keys')
036.828  000.225  000.225: require('lazy.core.handler.cmd')
037.043  000.206  000.206: require('lazy.core.handler.ft')
041.456  002.437  002.437: sourcing C:\Users\NK\scoop\apps\neovim\current\share\nvim\runtime/filetype.lua
042.730  000.388  000.388: sourcing C:\Users\NK\scoop\apps\neovim\current\share\nvim\runtime/plugin/editorconfig.lua
043.165  000.033  000.033: sourcing C:\Users\NK\scoop\apps\neovim\current\share\nvim\runtime/plugin/gzip.vim
043.576  000.044  000.044: sourcing C:\Users\NK\scoop\apps\neovim\current\share\nvim\runtime/plugin/health.vim
044.175  000.240  000.240: sourcing C:\Users\NK\scoop\apps\neovim\current\share\nvim\runtime/plugin/man.lua
047.471  000.501  000.501: sourcing C:\Users\NK\scoop\apps\neovim\current\share\nvim\runtime\pack\dist\opt\matchit\plugin\matchit.vim
048.162  003.614  003.112: sourcing C:\Users\NK\scoop\apps\neovim\current\share\nvim\runtime/plugin/matchit.vim
048.893  000.331  000.331: sourcing C:\Users\NK\scoop\apps\neovim\current\share\nvim\runtime/plugin/matchparen.vim
049.340  000.035  000.035: sourcing C:\Users\NK\scoop\apps\neovim\current\share\nvim\runtime/plugin/netrwPlugin.vim
049.988  000.287  000.287: sourcing C:\Users\NK\scoop\apps\neovim\current\share\nvim\runtime/plugin/nvim.lua
051.046  000.681  000.681: sourcing C:\Users\NK\scoop\apps\neovim\current\share\nvim\runtime/plugin/rplugin.vim
051.567  000.121  000.121: sourcing C:\Users\NK\scoop\apps\neovim\current\share\nvim\runtime/plugin/shada.vim
052.002  000.025  000.025: sourcing C:\Users\NK\scoop\apps\neovim\current\share\nvim\runtime/plugin/spellfile.vim
052.400  000.030  000.030: sourcing C:\Users\NK\scoop\apps\neovim\current\share\nvim\runtime/plugin/tarPlugin.vim
052.789  000.024  000.024: sourcing C:\Users\NK\scoop\apps\neovim\current\share\nvim\runtime/plugin/tohtml.vim
053.210  000.053  000.053: sourcing C:\Users\NK\scoop\apps\neovim\current\share\nvim\runtime/plugin/tutor.vim
053.607  000.031  000.031: sourcing C:\Users\NK\scoop\apps\neovim\current\share\nvim\runtime/plugin/zipPlugin.vim
055.760  026.983  013.334: sourcing C:\Users\NK\AppData\Local\nvim\init.lua
055.880  003.622: sourcing vimrc file(s)
058.266  000.343  000.343: sourcing C:\Users\NK\scoop\apps\neovim\current\share\nvim\runtime\filetype.lua
059.635  000.190  000.190: sourcing C:\Users\NK\scoop\apps\neovim\current\share\nvim\runtime\syntax\synload.vim
059.982  001.075  000.885: sourcing C:\Users\NK\scoop\apps\neovim\current\share\nvim\runtime\syntax\syntax.vim
060.048  002.750: inits 3
063.153  003.104: reading ShaDa
063.545  000.393: opening buffers
063.552  000.006: BufEnter autocommands
063.556  000.004: editing files in windows
063.563  000.007: VimEnter autocommands
063.599  000.036: UIEnter autocommands
064.743  001.143: before starting main loop
064.986  000.243: first screen update
064.991  000.005: --- NVIM STARTED ---


times in msec
 clock   self+sourced   self:  sourced script
 clock   elapsed:              other lines

000.025  000.025: --- NVIM STARTING ---
000.100  000.076: event init
000.251  000.150: early init
017.311  017.060: locale set
017.449  000.138: init first window
018.402  000.953: inits 1
018.696  000.294: window checked
019.001  000.305: parsing arguments
020.543  000.336  000.336: require('vim.shared')
021.305  000.293  000.293: require('vim._meta')
021.313  000.757  000.464: require('vim._editor')
021.318  001.243  000.149: require('vim._init_packages')
021.332  001.088: init lua interpreter
026.648  005.317: expanding arguments
026.700  000.051: inits 2
027.371  000.672: init highlight
